  player.cpp
  Platform.cpp
  Level.cpp
c:\users\davem\source\repos\gravityt\gravity\level.cpp(9): warning C4244: 'argument': conversion from 'int' to 'float', possible loss of data
c:\users\davem\source\repos\gravityt\gravity\level.cpp(11): warning C4244: 'argument': conversion from 'int' to 'float', possible loss of data
  InputManager.cpp
  GameEntity.cpp
c:\users\davem\source\repos\gravityt\gravity\gameentity.cpp(5): warning C4244: 'argument': conversion from 'float' to '::size_t', possible loss of data
c:\users\davem\source\repos\gravityt\gravity\gameentity.cpp(9): warning C4305: '=': truncation from 'double' to 'float'
c:\users\davem\source\repos\gravityt\gravity\gameentity.cpp(12): warning C4244: 'argument': conversion from 'float' to 'const unsigned __int64', possible loss of data
c:\users\davem\source\repos\gravityt\gravity\gameentity.cpp(43): warning C4244: '=': conversion from 'double' to 'float', possible loss of data
c:\users\davem\source\repos\gravityt\gravity\gameentity.cpp(68): warning C4244: 'argument': conversion from 'float' to '::size_t', possible loss of data
c:\users\davem\source\repos\gravityt\gravity\gameentity.cpp(71): warning C4305: '=': truncation from 'double' to 'float'
c:\users\davem\source\repos\gravityt\gravity\gameentity.cpp(74): warning C4244: 'argument': conversion from 'float' to 'const unsigned __int64', possible loss of data
c:\users\davem\source\repos\gravityt\gravity\gameentity.cpp(110): warning C4244: 'argument': conversion from 'unsigned int' to 'float', possible loss of data
  Game.cpp
c:\users\davem\source\repos\gravityt\gravity\game.cpp(39): warning C4244: 'argument': conversion from 'float' to 'unsigned int', possible loss of data
  Forces.cpp
  Collision.cpp
  Generating Code...
  Gravity.vcxproj -> C:\Users\davem\source\repos\Gravityt\x64\Debug\Gravity.exe
